Using pre-set license
Built from '2021.3/staging' branch; Version is '2021.3.18f1 (3129e69bc0c7) revision 3221990'; Using compiler version '192829333'; Build Type 'Release'
OS: 'Windows 10  (10.0.19044) 64bit Professional' Language: 'ru' Physical Memory: 15317 MB
BatchMode: 1, IsHumanControllingUs: 0, StartBugReporterOnCrash: 0, Is64bit: 1, IsPro: 1

COMMAND LINE ARGUMENTS:
D:\AAAAH!!\2021.3.18f1\Editor\Unity.exe
-adb2
-batchMode
-noUpm
-name
AssetImportWorker0
-projectPath
C:/Users/dwain/OneDrive/Documents/GitHub/TowerDefence/Td
-logFile
Logs/AssetImportWorker0.log
-srvPort
58272
Successfully changed project path to: C:/Users/dwain/OneDrive/Documents/GitHub/TowerDefence/Td
C:/Users/dwain/OneDrive/Documents/GitHub/TowerDefence/Td
[UnityMemory] Configuration Parameters - Can be set up in boot.config
    "memorysetup-bucket-allocator-granularity=16"
    "memorysetup-bucket-allocator-bucket-count=8"
    "memorysetup-bucket-allocator-block-size=33554432"
    "memorysetup-bucket-allocator-block-count=8"
    "memorysetup-main-allocator-block-size=16777216"
    "memorysetup-thread-allocator-block-size=16777216"
    "memorysetup-gfx-main-allocator-block-size=16777216"
    "memorysetup-gfx-thread-allocator-block-size=16777216"
    "memorysetup-cache-allocator-block-size=4194304"
    "memorysetup-typetree-allocator-block-size=2097152"
    "memorysetup-profiler-bucket-allocator-granularity=16"
    "memorysetup-profiler-bucket-allocator-bucket-count=8"
    "memorysetup-profiler-bucket-allocator-block-size=33554432"
    "memorysetup-profiler-bucket-allocator-block-count=8"
    "memorysetup-profiler-allocator-block-size=16777216"
    "memorysetup-profiler-editor-allocator-block-size=1048576"
    "memorysetup-temp-allocator-size-main=16777216"
    "memorysetup-job-temp-allocator-block-size=2097152"
    "memorysetup-job-temp-allocator-block-size-background=1048576"
    "memorysetup-job-temp-allocator-reduction-small-platforms=262144"
    "memorysetup-temp-allocator-size-background-worker=32768"
    "memorysetup-temp-allocator-size-job-worker=262144"
    "memorysetup-temp-allocator-size-preload-manager=33554432"
    "memorysetup-temp-allocator-size-nav-mesh-worker=65536"
    "memorysetup-temp-allocator-size-audio-worker=65536"
    "memorysetup-temp-allocator-size-cloud-worker=32768"
    "memorysetup-temp-allocator-size-gi-baking-worker=262144"
    "memorysetup-temp-allocator-size-gfx=262144"
Player connection [11740] Host "[IP] 26.59.225.46 [Port] 0 [Flags] 2 [Guid] 2705595167 [EditorId] 2705595167 [Version] 1048832 [Id] WindowsEditor(7,DESKTOP-N4H7SAM) [Debug] 1 [PackageName] WindowsEditor [ProjectName] Editor" joined multi-casting on [225.0.0.222:54997]...

Player connection [11740] Host "[IP] 26.59.225.46 [Port] 0 [Flags] 2 [Guid] 2705595167 [EditorId] 2705595167 [Version] 1048832 [Id] WindowsEditor(7,DESKTOP-N4H7SAM) [Debug] 1 [PackageName] WindowsEditor [ProjectName] Editor" joined alternative multi-casting on [225.0.0.222:34997]...

Refreshing native plugins compatible for Editor in 107.28 ms, found 3 plugins.
Preloading 0 native plugins for Editor in 0.00 ms.
Initialize engine version: 2021.3.18f1 (3129e69bc0c7)
[Subsystems] Discovering subsystems at path D:/AAAAH!!/2021.3.18f1/Editor/Data/Resources/UnitySubsystems
[Subsystems] Discovering subsystems at path C:/Users/dwain/OneDrive/Documents/GitHub/TowerDefence/Td/Assets
GfxDevice: creating device client; threaded=0; jobified=0
Direct3D:
    Version:  Direct3D 11.0 [level 11.1]
    Renderer: NVIDIA GeForce RTX 3050 (ID=0x2507)
    Vendor:   NVIDIA
    VRAM:     8056 MB
    Driver:   31.0.15.3141
Initialize mono
Mono path[0] = 'D:/AAAAH!!/2021.3.18f1/Editor/Data/Managed'
Mono path[1] = 'D:/AAAAH!!/2021.3.18f1/Editor/Data/MonoBleedingEdge/lib/mono/unityjit-win32'
Mono config path = 'D:/AAAAH!!/2021.3.18f1/Editor/Data/MonoBleedingEdge/etc'
Using monoOptions --debugger-agent=transport=dt_socket,embedding=1,server=y,suspend=n,address=127.0.0.1:56144
Begin MonoManager ReloadAssembly
Registering precompiled unity dll's ...
Register platform support module: D:/AAAAH!!/2021.3.18f1/Editor/Data/PlaybackEngines/AndroidPlayer/UnityEditor.Android.Extensions.dll
Register platform support module: D:/AAAAH!!/2021.3.18f1/Editor/Data/PlaybackEngines/WindowsStandaloneSupport/UnityEditor.WindowsStandalone.Extensions.dll
Register platform support module: D:/AAAAH!!/2021.3.18f1/Editor/Data/PlaybackEngines/MetroSupport/UnityEditor.UWP.Extensions.dll
Registered in 0.004366 seconds.
Native extension for UWP target not found
Native extension for WindowsStandalone target not found
Native extension for Android target not found
Android Extension - Scanning For ADB Devices 303 ms
Refreshing native plugins compatible for Editor in 106.04 ms, found 3 plugins.
Preloading 0 native plugins for Editor in 0.00 ms.
Mono: successfully reloaded assembly
- Completed reload, in  1.078 seconds
Domain Reload Profiling:
	ReloadAssembly (1079ms)
		BeginReloadAssembly (93ms)
			ExecutionOrderSort (0ms)
			DisableScriptedObjects (0ms)
			BackupInstance (0ms)
			ReleaseScriptingObjects (0ms)
			CreateAndSetChildDomain (1ms)
		EndReloadAssembly (860ms)
			LoadAssemblies (93ms)
			RebuildTransferFunctionScriptingTraits (0ms)
			SetupTypeCache (129ms)
			ReleaseScriptCaches (0ms)
			RebuildScriptCaches (30ms)
			SetupLoadedEditorAssemblies (646ms)
				LogAssemblyErrors (0ms)
				InitializePlatformSupportModulesInManaged (384ms)
				SetLoadedEditorAssemblies (0ms)
				RefreshPlugins (106ms)
				BeforeProcessingInitializeOnLoad (1ms)
				ProcessInitializeOnLoadAttributes (105ms)
				ProcessInitializeOnLoadMethodAttributes (49ms)
				AfterProcessingInitializeOnLoad (0ms)
				EditorAssembliesLoaded (0ms)
			ExecutionOrderSort2 (0ms)
			AwakeInstancesAfterBackupRestoration (0ms)
Platform modules already initialized, skipping
Registering precompiled user dll's ...
Registered in 0.008450 seconds.
Begin MonoManager ReloadAssembly
Symbol file LoadedFromMemory doesn't match image C:\Users\dwain\OneDrive\Documents\GitHub\TowerDefence\Td\Library\PackageCache\com.unity.visualscripting@1.8.0\Editor\VisualScripting.Core\Dependencies\YamlDotNet\Unity.VisualScripting.YamlDotNet.dll
Symbol file LoadedFromMemory doesn't match image C:\Users\dwain\OneDrive\Documents\GitHub\TowerDefence\Td\Library\PackageCache\com.unity.visualscripting@1.8.0\Editor\VisualScripting.Core\Dependencies\DotNetZip\Unity.VisualScripting.IonicZip.dll
Native extension for UWP target not found
Native extension for WindowsStandalone target not found
Native extension for Android target not found
Refreshing native plugins compatible for Editor in 0.58 ms, found 3 plugins.
Preloading 0 native plugins for Editor in 0.00 ms.
Mono: successfully reloaded assembly
- Completed reload, in  1.156 seconds
Domain Reload Profiling:
	ReloadAssembly (1157ms)
		BeginReloadAssembly (123ms)
			ExecutionOrderSort (0ms)
			DisableScriptedObjects (7ms)
			BackupInstance (0ms)
			ReleaseScriptingObjects (0ms)
			CreateAndSetChildDomain (21ms)
		EndReloadAssembly (902ms)
			LoadAssemblies (103ms)
			RebuildTransferFunctionScriptingTraits (0ms)
			SetupTypeCache (309ms)
			ReleaseScriptCaches (1ms)
			RebuildScriptCaches (56ms)
			SetupLoadedEditorAssemblies (382ms)
				LogAssemblyErrors (0ms)
				InitializePlatformSupportModulesInManaged (19ms)
				SetLoadedEditorAssemblies (0ms)
				RefreshPlugins (1ms)
				BeforeProcessingInitializeOnLoad (98ms)
				ProcessInitializeOnLoadAttributes (238ms)
				ProcessInitializeOnLoadMethodAttributes (22ms)
				AfterProcessingInitializeOnLoad (4ms)
				EditorAssembliesLoaded (0ms)
			ExecutionOrderSort2 (0ms)
			AwakeInstancesAfterBackupRestoration (7ms)
Platform modules already initialized, skipping
========================================================================
Worker process is ready to serve import requests
Launched and connected shader compiler UnityShaderCompiler.exe after 0.05 seconds
Refreshing native plugins compatible for Editor in 1.07 ms, found 3 plugins.
Preloading 0 native plugins for Editor in 0.00 ms.
Unloading 3069 Unused Serialized files (Serialized files now loaded: 0)
Unloading 24 unused Assets / (114.1 KB). Loaded Objects now: 3534.
Memory consumption went from 110.4 MB to 110.3 MB.
Total: 4.219900 ms (FindLiveObjects: 0.386700 ms CreateObjectMapping: 0.114200 ms MarkObjects: 3.570600 ms  DeleteObjects: 0.147100 ms)

AssetImportParameters requested are different than current active one (requested -> active):
  custom:video-decoder-ogg-theora: a1e56fd34408186e4bbccfd4996cb3dc -> 
  custom:container-muxer-webm: aa71ff27fc2769a1b78a27578f13a17b -> 
  custom:container-demuxer-webm: 4f35f7cbe854078d1ac9338744f61a02 -> 
  custom:video-encoder-webm-vp8: eb34c28f22e8b96e1ab97ce403110664 -> 
  custom:audio-encoder-webm-vorbis: bf7c407c2cedff20999df2af8eb42d56 -> 
  custom:framework-win-MediaFoundation: 216162199b28c13a410421893ffa2e32 -> 
  custom:container-demuxer-ogg: 62fdf1f143b41e24485cea50d1cbac27 -> 
  custom:video-decoder-webm-vp8: 9c59270c3fd7afecdb556c50c9e8de78 -> 
  custom:audio-decoder-ogg-vorbis: bf7c407c2cedff20999df2af8eb42d56 -> 
========================================================================
Received Import Request.
  Time since last request: 358221.748681 seconds.
  path: Assets/New Material 1.mat
  artifactKey: Guid(b8d244a1c143f48449fe5a8cf8b36057) Importer(815301076,1909f56bfc062723c751e8b465ee728b)
Start importing Assets/New Material 1.mat using Guid(b8d244a1c143f48449fe5a8cf8b36057) Importer(815301076,1909f56bfc062723c751e8b465ee728b)  -> (artifact id: '38db52c4254df2110b9ba4ded0dabb3c') in 0.374594 seconds 
========================================================================
Received Import Request.
  Time since last request: 123.140815 seconds.
  path: Assets/Scenes
  artifactKey: Guid(6ea315d0fd7389c41b19996891e99ae3) Importer(815301076,1909f56bfc062723c751e8b465ee728b)
Start importing Assets/Scenes using Guid(6ea315d0fd7389c41b19996891e99ae3) Importer(815301076,1909f56bfc062723c751e8b465ee728b)  -> (artifact id: 'bc172811d573b296104adb4d2728db37') in 0.008821 seconds 
========================================================================
Received Import Request.
  Time since last request: 1.149353 seconds.
  path: Assets/Scenes/MainMenu.unity
  artifactKey: Guid(f94ef3f887f74de4aab33f04dbe7acd5) Importer(815301076,1909f56bfc062723c751e8b465ee728b)
Start importing Assets/Scenes/MainMenu.unity using Guid(f94ef3f887f74de4aab33f04dbe7acd5) Importer(815301076,1909f56bfc062723c751e8b465ee728b)  -> (artifact id: '3cfe703afcaa11013b078d4e4983e91c') in 0.009635 seconds 
========================================================================
Received Prepare
Registering precompiled user dll's ...
Registered in 0.007972 seconds.
Begin MonoManager ReloadAssembly
Symbol file LoadedFromMemory doesn't match image C:\Users\dwain\OneDrive\Documents\GitHub\TowerDefence\Td\Library\PackageCache\com.unity.visualscripting@1.8.0\Editor\VisualScripting.Core\Dependencies\YamlDotNet\Unity.VisualScripting.YamlDotNet.dll
Symbol file LoadedFromMemory doesn't match image C:\Users\dwain\OneDrive\Documents\GitHub\TowerDefence\Td\Library\PackageCache\com.unity.visualscripting@1.8.0\Editor\VisualScripting.Core\Dependencies\DotNetZip\Unity.VisualScripting.IonicZip.dll
Native extension for UWP target not found
Native extension for WindowsStandalone target not found
Native extension for Android target not found
Refreshing native plugins compatible for Editor in 0.75 ms, found 3 plugins.
Preloading 0 native plugins for Editor in 0.00 ms.
Mono: successfully reloaded assembly
- Completed reload, in  1.278 seconds
Domain Reload Profiling:
	ReloadAssembly (1279ms)
		BeginReloadAssembly (155ms)
			ExecutionOrderSort (0ms)
			DisableScriptedObjects (5ms)
			BackupInstance (0ms)
			ReleaseScriptingObjects (0ms)
			CreateAndSetChildDomain (43ms)
		EndReloadAssembly (997ms)
			LoadAssemblies (100ms)
			RebuildTransferFunctionScriptingTraits (0ms)
			SetupTypeCache (397ms)
			ReleaseScriptCaches (1ms)
			RebuildScriptCaches (55ms)
			SetupLoadedEditorAssemblies (387ms)
				LogAssemblyErrors (0ms)
				InitializePlatformSupportModulesInManaged (34ms)
				SetLoadedEditorAssemblies (1ms)
				RefreshPlugins (1ms)
				BeforeProcessingInitializeOnLoad (78ms)
				ProcessInitializeOnLoadAttributes (244ms)
				ProcessInitializeOnLoadMethodAttributes (25ms)
				AfterProcessingInitializeOnLoad (4ms)
				EditorAssembliesLoaded (0ms)
			ExecutionOrderSort2 (0ms)
			AwakeInstancesAfterBackupRestoration (7ms)
Platform modules already initialized, skipping
Refreshing native plugins compatible for Editor in 4.20 ms, found 3 plugins.
Preloading 0 native plugins for Editor in 0.00 ms.
Unloading 3051 Unused Serialized files (Serialized files now loaded: 0)
Unloading 17 unused Assets / (79.9 KB). Loaded Objects now: 3578.
Memory consumption went from 113.5 MB to 113.4 MB.
Total: 4.234700 ms (FindLiveObjects: 0.314200 ms CreateObjectMapping: 0.093000 ms MarkObjects: 3.713700 ms  DeleteObjects: 0.112200 ms)

AssetImportParameters requested are different than current active one (requested -> active):
  custom:video-decoder-ogg-theora: a1e56fd34408186e4bbccfd4996cb3dc -> 
  custom:container-muxer-webm: aa71ff27fc2769a1b78a27578f13a17b -> 
  custom:container-demuxer-webm: 4f35f7cbe854078d1ac9338744f61a02 -> 
  custom:video-encoder-webm-vp8: eb34c28f22e8b96e1ab97ce403110664 -> 
  custom:audio-encoder-webm-vorbis: bf7c407c2cedff20999df2af8eb42d56 -> 
  custom:framework-win-MediaFoundation: 216162199b28c13a410421893ffa2e32 -> 
  custom:container-demuxer-ogg: 62fdf1f143b41e24485cea50d1cbac27 -> 
  custom:video-decoder-webm-vp8: 9c59270c3fd7afecdb556c50c9e8de78 -> 
  custom:audio-decoder-ogg-vorbis: bf7c407c2cedff20999df2af8eb42d56 -> 
========================================================================
Received Import Request.
  Time since last request: 77.636987 seconds.
  path: Assets/Code/SpawnEnemy.cs
  artifactKey: Guid(8eeb8113a472ee5458a5c7c7be295ccf) Importer(815301076,1909f56bfc062723c751e8b465ee728b)
Start importing Assets/Code/SpawnEnemy.cs using Guid(8eeb8113a472ee5458a5c7c7be295ccf) Importer(815301076,1909f56bfc062723c751e8b465ee728b)  -> (artifact id: '5971295725b68740684259125dc68eb7') in 0.022184 seconds 
========================================================================
Received Import Request.
  Time since last request: 0.250209 seconds.
  path: Assets/Code/Objectmoving.cs
  artifactKey: Guid(bd147fd893347fc4eaad8b79202d61aa) Importer(815301076,1909f56bfc062723c751e8b465ee728b)
Start importing Assets/Code/Objectmoving.cs using Guid(bd147fd893347fc4eaad8b79202d61aa) Importer(815301076,1909f56bfc062723c751e8b465ee728b)  -> (artifact id: '481b6145bda2ac1fdd65a4bbb262ea42') in 0.010396 seconds 
========================================================================
Received Import Request.
  Time since last request: 0.455646 seconds.
  path: Assets/Code/MoveToMouse.cs
  artifactKey: Guid(0c2770180c6e7504f8a350b590bac559) Importer(815301076,1909f56bfc062723c751e8b465ee728b)
Start importing Assets/Code/MoveToMouse.cs using Guid(0c2770180c6e7504f8a350b590bac559) Importer(815301076,1909f56bfc062723c751e8b465ee728b)  -> (artifact id: '5fe8a61ab3b79cf5c596c42e481a69bc') in 0.009808 seconds 
========================================================================
Received Import Request.
  Time since last request: 0.388000 seconds.
  path: Assets/Code/cam.cs
  artifactKey: Guid(45abeda2504227f449bc66d49d49cb97) Importer(815301076,1909f56bfc062723c751e8b465ee728b)
Start importing Assets/Code/cam.cs using Guid(45abeda2504227f449bc66d49d49cb97) Importer(815301076,1909f56bfc062723c751e8b465ee728b)  -> (artifact id: 'f81d6acf18cdc49b323d1da58b9f74a5') in 0.009485 seconds 
========================================================================
Received Import Request.
  Time since last request: 1.057133 seconds.
  path: Assets/Code/Bull.cs
  artifactKey: Guid(5e56865dc7743a344befd8e41876c94e) Importer(815301076,1909f56bfc062723c751e8b465ee728b)
Start importing Assets/Code/Bull.cs using Guid(5e56865dc7743a344befd8e41876c94e) Importer(815301076,1909f56bfc062723c751e8b465ee728b)  -> (artifact id: '879fc1aa579d114a3001ee00547e6cd3') in 0.019974 seconds 
========================================================================
Received Import Request.
  Time since last request: 1.285012 seconds.
  path: Assets/Code/BattlingTower.cs
  artifactKey: Guid(1fe4be79f8c4fcf4d8af59d633505093) Importer(815301076,1909f56bfc062723c751e8b465ee728b)
Start importing Assets/Code/BattlingTower.cs using Guid(1fe4be79f8c4fcf4d8af59d633505093) Importer(815301076,1909f56bfc062723c751e8b465ee728b)  -> (artifact id: '214b6bfe0dfff75b0fe89c2d48e5a346') in 0.009480 seconds 
========================================================================
Received Import Request.
  Time since last request: 31.134574 seconds.
  path: Assets/Menu Scene/1663616351_62-phonoteka-org-p-fon-minimalizm-dlya-prezentatsii-oboi-65.png
  artifactKey: Guid(657cddbd4f8181d4b9e384a7ab03d0c9) Importer(815301076,1909f56bfc062723c751e8b465ee728b)
Start importing Assets/Menu Scene/1663616351_62-phonoteka-org-p-fon-minimalizm-dlya-prezentatsii-oboi-65.png using Guid(657cddbd4f8181d4b9e384a7ab03d0c9) Importer(815301076,1909f56bfc062723c751e8b465ee728b)  -> (artifact id: '822729a55cf39ac29bc97e3169deabcc') in 0.265481 seconds 
Editor requested this worker to shutdown with reason: Scaling down because of idle timeout
AssetImportWorker is now disconnected from the server
Process exiting
Exiting without the bug reporter. Application will terminate with return code 0